
============================================================
Graph:      chain.json (5000 targets)
Reference:  1.304s
Submission: 1.305s
Speedup:    1.00x
Correctness: PASS
============================================================

============================================================
Graph:      diamond.json (5000 targets)
Reference:  1.285s
Submission: 0.273s
Speedup:    4.71x
Correctness: PASS
============================================================

============================================================
Graph:      realistic.json (20000 targets)
Reference:  5.298s
Submission: 0.938s
Speedup:    5.65x
Correctness: PASS
============================================================

============================================================
Graph:      tree.json (6670 targets)
Reference:  1.430s
Submission: 0.258s
Speedup:    5.53x
Correctness: PASS
============================================================

============================================================
Graph:      wide.json (5000 targets)
Reference:  1.184s
Submission: 0.203s
Speedup:    5.83x
Correctness: PASS
============================================================

============================================================
SUMMARY
============================================================
Graph                              Time  Speedup   Status
------------------------------ -------- -------- --------
chain.json                       1.305s    1.00x     PASS
diamond.json                     0.273s    4.71x     PASS
realistic.json                   0.938s    5.65x     PASS
tree.json                        0.258s    5.53x     PASS
wide.json                        0.203s    5.83x     PASS
------------------------------ -------- -------- --------
TOTAL                            2.978s    3.53x     PASS
============================================================
